2020-01-08 10:25:18,025 logger.py [line:41] ERROR 'NoneType' object has no attribute 'click'
2020-01-08 11:11:08,216 logger.py [line:35] INFO 进入动态详情
2020-01-08 11:11:10,263 logger.py [line:35] INFO ('比邻小编', '18岁', '捕捉一只单身狗', '天气冷了，狗狗也需要穿衣服的', '#网红打卡#', '2020-01-07 15:42:32')
2020-01-08 11:11:10,263 logger.py [line:35] INFO 以上是获取动态详情内容
2020-01-08 11:11:18,448 logger.py [line:35] INFO 点赞成功
2020-01-08 11:11:19,073 logger.py [line:35] INFO 收藏成功
2020-01-08 11:11:50,893 logger.py [line:41] ERROR 'NoneType' object has no attribute 'click'
2020-01-08 11:12:07,186 logger.py [line:41] ERROR 'NoneType' object has no attribute 'click'
2020-01-08 11:12:23,898 logger.py [line:41] ERROR 'NoneType' object has no attribute 'click'
2020-01-08 11:12:39,765 logger.py [line:41] ERROR 'NoneType' object has no attribute 'click'
2020-01-08 11:17:38,046 logger.py [line:35] INFO 进入动态详情
2020-01-08 11:17:41,467 logger.py [line:35] INFO ('比邻小编', '18岁', '捕捉一只单身狗', '天气冷了，狗狗也需要穿衣服的', '#网红打卡#', '2020-01-07 15:42:32')
2020-01-08 11:17:41,467 logger.py [line:35] INFO 以上是获取动态详情内容
2020-01-08 11:17:51,412 logger.py [line:35] INFO 点赞成功
2020-01-08 11:17:52,271 logger.py [line:35] INFO 收藏成功
2020-01-08 11:18:23,754 logger.py [line:41] ERROR 'NoneType' object has no attribute 'click'
2020-01-08 11:18:39,534 logger.py [line:41] ERROR 'NoneType' object has no attribute 'click'
2020-01-08 11:18:56,687 logger.py [line:41] ERROR 'NoneType' object has no attribute 'click'
2020-01-08 11:19:12,464 logger.py [line:41] ERROR 'NoneType' object has no attribute 'click'
2020-01-08 11:21:45,943 logger.py [line:35] INFO 进入动态详情
2020-01-08 11:21:50,035 logger.py [line:35] INFO ('比邻小编', '18岁', '捕捉一只单身狗', '天气冷了，狗狗也需要穿衣服的', '#网红打卡#', '2020-01-07 15:42:32')
2020-01-08 11:21:50,035 logger.py [line:35] INFO 以上是获取动态详情内容
2020-01-08 11:22:00,882 logger.py [line:35] INFO 点赞成功
2020-01-08 11:22:01,507 logger.py [line:35] INFO 收藏成功
2020-01-08 11:22:51,968 logger.py [line:41] ERROR Message: androidx.test.uiautomator.StaleObjectException

2020-01-08 11:23:32,543 logger.py [line:35] INFO 进入动态详情
2020-01-08 11:23:36,644 logger.py [line:35] INFO ('比邻小编', '18岁', '捕捉一只单身狗', '天气冷了，狗狗也需要穿衣服的', '#网红打卡#', '2020-01-07 15:42:32')
2020-01-08 11:23:36,644 logger.py [line:35] INFO 以上是获取动态详情内容
2020-01-08 11:23:46,142 logger.py [line:35] INFO 点赞成功
2020-01-08 11:23:47,001 logger.py [line:35] INFO 收藏成功
2020-01-08 11:25:23,837 logger.py [line:35] INFO 进入动态详情
2020-01-08 11:25:26,009 logger.py [line:35] INFO ('比邻小编', '18岁', '捕捉一只单身狗', '天气冷了，狗狗也需要穿衣服的', '#网红打卡#', '2020-01-07 15:42:32')
2020-01-08 11:25:26,009 logger.py [line:35] INFO 以上是获取动态详情内容
2020-01-08 11:26:01,697 logger.py [line:35] INFO 进入动态详情
2020-01-08 11:26:03,618 logger.py [line:35] INFO ('比邻小编', '18岁', '捕捉一只单身狗', '天气冷了，狗狗也需要穿衣服的', '#网红打卡#', '2020-01-07 15:42:32')
2020-01-08 11:26:03,618 logger.py [line:35] INFO 以上是获取动态详情内容
2020-01-08 11:26:12,647 logger.py [line:35] INFO 点赞成功
2020-01-08 11:26:13,491 logger.py [line:35] INFO 收藏成功
2020-01-08 11:28:18,435 logger.py [line:35] INFO 进入动态详情
2020-01-08 11:28:22,231 logger.py [line:35] INFO ('比邻小编', '18岁', '捕捉一只单身狗', '天气冷了，狗狗也需要穿衣服的', '#网红打卡#', '2020-01-07 15:42:32')
2020-01-08 11:28:22,231 logger.py [line:35] INFO 以上是获取动态详情内容
2020-01-08 11:28:32,682 logger.py [line:35] INFO 点赞成功
2020-01-08 11:28:33,650 logger.py [line:35] INFO 收藏成功
2020-01-08 11:28:47,720 logger.py [line:41] ERROR 'NoneType' object has no attribute 'click'
2020-01-08 11:29:03,947 logger.py [line:41] ERROR 'NoneType' object has no attribute 'click'
2020-01-08 11:29:19,764 logger.py [line:41] ERROR 'NoneType' object has no attribute 'click'
2020-01-08 11:29:39,663 logger.py [line:35] INFO 进入动态详情
2020-01-08 11:29:41,569 logger.py [line:35] INFO ('比邻小编', '18岁', '捕捉一只单身狗', '天气冷了，狗狗也需要穿衣服的', '#网红打卡#', '2020-01-07 15:42:32')
2020-01-08 11:29:41,569 logger.py [line:35] INFO 以上是获取动态详情内容
2020-01-08 11:29:50,348 logger.py [line:35] INFO 点赞成功
2020-01-08 11:29:51,207 logger.py [line:35] INFO 收藏成功
2020-01-08 11:30:04,264 logger.py [line:35] INFO 动态测试完成
2020-01-08 11:34:59,438 logger.py [line:35] INFO 导航栏切换通过,Response time is 0.0
2020-01-08 11:35:01,844 logger.py [line:35] INFO 跳转搜索切换通过,Response time is 0.0
2020-01-08 11:35:14,033 logger.py [line:41] ERROR 搜索功能成功 :: 丹姐 != 空白格
2020-01-08 11:36:11,331 logger.py [line:35] INFO 导航栏切换通过,Response time is 0.03125
2020-01-08 11:36:13,971 logger.py [line:35] INFO 跳转搜索切换通过,Response time is 0.0
2020-01-08 11:36:51,243 logger.py [line:35] INFO 导航栏切换通过,Response time is 0.046875
2020-01-08 11:36:52,727 logger.py [line:35] INFO 跳转搜索切换通过,Response time is 0.0
2020-01-08 11:37:13,791 logger.py [line:35] INFO 搜索用户功能正常
2020-01-08 11:37:40,704 logger.py [line:41] ERROR 'NoneType' object has no attribute 'text'
2020-01-08 11:39:03,966 logger.py [line:35] INFO 导航栏切换通过,Response time is 0.015625
2020-01-08 11:39:05,747 logger.py [line:35] INFO 跳转搜索切换通过,Response time is 0.0
2020-01-08 11:39:16,530 logger.py [line:35] INFO 搜索用户功能正常
2020-01-08 11:39:42,339 logger.py [line:41] ERROR 'NoneType' object has no attribute 'text'
2020-01-08 11:41:18,089 logger.py [line:35] INFO 导航栏切换通过,Response time is 0.0625
2020-01-08 11:41:20,276 logger.py [line:35] INFO 跳转搜索切换通过,Response time is 0.0
2020-01-08 11:41:30,327 logger.py [line:35] INFO 搜索用户功能正常
2020-01-08 11:41:42,934 logger.py [line:41] ERROR 搜索功能成功 :: 猫和老鼠 != 这张图
2020-01-08 11:43:50,837 logger.py [line:35] INFO 导航栏切换通过,Response time is 0.015625
2020-01-08 11:43:52,838 logger.py [line:35] INFO 跳转搜索切换通过,Response time is 0.0
2020-01-08 11:44:02,788 logger.py [line:35] INFO 搜索用户功能正常
2020-01-08 11:44:14,244 logger.py [line:41] ERROR 搜索功能成功 :: 动态详情展示问题 != 猫和老鼠 
2020-01-08 11:45:50,195 logger.py [line:35] INFO 导航栏切换通过,Response time is 0.0
2020-01-08 11:45:51,831 logger.py [line:35] INFO 跳转搜索切换通过,Response time is 0.0
2020-01-08 11:46:02,608 logger.py [line:35] INFO 搜索用户功能正常
2020-01-08 11:46:13,637 logger.py [line:41] ERROR 搜索功能成功 :: 动态详情展示问题 != 猫和老鼠 
2020-01-08 11:50:29,139 logger.py [line:35] INFO 导航栏切换通过,Response time is 0.078125
2020-01-08 11:50:31,013 logger.py [line:35] INFO 跳转搜索切换通过,Response time is 0.0
2020-01-08 11:50:41,815 logger.py [line:35] INFO 搜索用户功能正常
2020-01-08 11:50:53,006 logger.py [line:41] ERROR 搜索功能成功 :: 动态详情展示问题 != 动态详情展示问题 
2020-01-08 11:51:39,755 logger.py [line:35] INFO 导航栏切换通过,Response time is 0.0
2020-01-08 11:51:41,489 logger.py [line:35] INFO 跳转搜索切换通过,Response time is 0.0
2020-01-08 11:51:52,189 logger.py [line:35] INFO 搜索用户功能正常
2020-01-08 11:52:25,137 logger.py [line:35] INFO 导航栏切换通过,Response time is 0.0625
2020-01-08 11:52:27,103 logger.py [line:35] INFO 跳转搜索切换通过,Response time is 0.0
2020-01-08 11:52:37,055 logger.py [line:35] INFO 搜索用户功能正常
2020-01-08 11:52:47,304 logger.py [line:35] INFO 搜索动态功能正常
2020-01-08 11:52:54,540 logger.py [line:35] INFO 退出搜索,Response time is 0.0
2020-01-08 13:48:55,041 logger.py [line:35] INFO ('发布一个测试动态', '谢光福')
2020-01-08 13:49:00,478 logger.py [line:35] INFO ('卡住了，不知道怎么回事，是不是网络波动', '谢光福')
2020-01-08 13:49:20,949 logger.py [line:41] ERROR 'NoneType' object has no attribute 'click'
2020-01-08 13:55:52,046 logger.py [line:35] INFO ('发布一个测试动态', '谢光福')
2020-01-08 13:55:57,493 logger.py [line:35] INFO ('卡住了，不知道怎么回事，是不是网络波动', '谢光福')
2020-01-08 13:56:38,776 logger.py [line:41] ERROR 'NoneType' object has no attribute 'click'
2020-01-08 13:57:00,576 logger.py [line:35] INFO ('发布一个测试动态', '谢光福')
2020-01-08 13:57:06,515 logger.py [line:35] INFO ('卡住了，不知道怎么回事，是不是网络波动', '谢光福')
2020-01-08 13:58:30,691 logger.py [line:35] INFO ('发布一个测试动态', '谢光福')
2020-01-08 13:58:36,119 logger.py [line:35] INFO ('卡住了，不知道怎么回事，是不是网络波动', '谢光福')
2020-01-08 14:00:57,358 logger.py [line:41] ERROR 'NoneType' object has no attribute 'click'
2020-01-08 14:38:33,655 logger.py [line:35] INFO ('发布一个测试动态', '谢光福')
2020-01-08 14:38:38,877 logger.py [line:35] INFO ('卡住了，不知道怎么回事，是不是网络波动', '谢光福')
2020-01-08 14:38:58,756 logger.py [line:41] ERROR 'NoneType' object has no attribute 'click'
2020-01-08 14:39:14,919 logger.py [line:41] ERROR 'NoneType' object has no attribute 'click'
2020-01-08 14:39:31,418 logger.py [line:41] ERROR 'NoneType' object has no attribute 'click'
2020-01-08 14:41:52,863 logger.py [line:35] INFO ('发布一个测试动态', '谢光福')
2020-01-08 14:41:57,776 logger.py [line:35] INFO ('卡住了，不知道怎么回事，是不是网络波动', '谢光福')
2020-01-08 14:42:17,518 logger.py [line:41] ERROR 'NoneType' object has no attribute 'click'
2020-01-08 14:42:33,906 logger.py [line:41] ERROR 'NoneType' object has no attribute 'click'
2020-01-08 14:42:50,088 logger.py [line:41] ERROR 'NoneType' object has no attribute 'click'
2020-01-08 14:46:38,500 logger.py [line:35] INFO 登录成功
2020-01-08 14:47:56,179 logger.py [line:35] INFO 进入动态详情
2020-01-08 14:47:58,314 logger.py [line:35] INFO ('比邻小编', '18岁', '捕捉一只单身狗', '天气冷了，狗狗也需要穿衣服的', '#网红打卡#', '2020-01-07 15:42:32')
2020-01-08 14:47:58,315 logger.py [line:35] INFO 以上是获取动态详情内容
2020-01-08 14:48:06,688 logger.py [line:35] INFO 点赞成功
2020-01-08 14:48:07,552 logger.py [line:35] INFO 收藏成功
2020-01-08 14:48:32,745 logger.py [line:35] INFO ('发布一个测试动态', '谢光福')
2020-01-08 14:48:38,225 logger.py [line:35] INFO ('卡住了，不知道怎么回事，是不是网络波动', '谢光福')
2020-01-08 14:48:58,249 logger.py [line:41] ERROR 'NoneType' object has no attribute 'click'
2020-01-08 14:49:14,342 logger.py [line:41] ERROR 'NoneType' object has no attribute 'click'
2020-01-08 14:49:30,714 logger.py [line:41] ERROR 'NoneType' object has no attribute 'click'
2020-01-08 14:50:00,915 logger.py [line:41] ERROR 'NoneType' object has no attribute 'click'
2020-01-08 14:50:35,297 logger.py [line:35] INFO 测试报告邮件发送成功
2020-01-08 15:00:26,482 logger.py [line:41] ERROR 'NoneType' object has no attribute 'click'
2020-01-08 15:01:43,358 logger.py [line:35] INFO 进入动态详情
2020-01-08 15:01:47,155 logger.py [line:35] INFO ('比邻小编', '18岁', '捕捉一只单身狗', '天气冷了，狗狗也需要穿衣服的', '#网红打卡#', '2020-01-07 15:42:32')
2020-01-08 15:01:47,155 logger.py [line:35] INFO 以上是获取动态详情内容
2020-01-08 15:01:56,678 logger.py [line:35] INFO 点赞成功
2020-01-08 15:01:57,519 logger.py [line:35] INFO 收藏成功
2020-01-08 15:02:22,419 logger.py [line:35] INFO ('发布一个测试动态', '谢光福')
2020-01-08 15:02:27,526 logger.py [line:35] INFO ('卡住了，不知道怎么回事，是不是网络波动', '谢光福')
2020-01-08 15:02:47,810 logger.py [line:41] ERROR 'NoneType' object has no attribute 'click'
2020-01-08 15:03:04,056 logger.py [line:41] ERROR 'NoneType' object has no attribute 'click'
2020-01-08 15:03:20,257 logger.py [line:41] ERROR 'NoneType' object has no attribute 'click'
2020-01-08 15:03:50,672 logger.py [line:41] ERROR 'NoneType' object has no attribute 'click'
2020-01-08 15:04:23,506 logger.py [line:35] INFO 测试报告邮件发送成功
2020-01-08 15:37:33,307 logger.py [line:41] ERROR 'NoneType' object has no attribute 'click'
2020-01-08 15:38:49,672 logger.py [line:35] INFO 进入动态详情
2020-01-08 15:38:53,483 logger.py [line:35] INFO ('比邻小编', '18岁', '捕捉一只单身狗', '天气冷了，狗狗也需要穿衣服的', '#网红打卡#', '2020-01-07 15:42:32')
2020-01-08 15:38:53,483 logger.py [line:35] INFO 以上是获取动态详情内容
2020-01-08 15:39:03,757 logger.py [line:35] INFO 点赞成功
2020-01-08 15:39:04,608 logger.py [line:35] INFO 收藏成功
2020-01-08 15:39:26,586 logger.py [line:35] INFO ('发布一个测试动态', '谢光福')
2020-01-08 15:39:31,809 logger.py [line:35] INFO ('卡住了，不知道怎么回事，是不是网络波动', '谢光福')
2020-01-08 15:39:52,932 logger.py [line:41] ERROR 'NoneType' object has no attribute 'click'
2020-01-08 15:40:09,609 logger.py [line:41] ERROR 'NoneType' object has no attribute 'click'
2020-01-08 15:40:26,223 logger.py [line:41] ERROR 'NoneType' object has no attribute 'click'
2020-01-08 15:41:33,017 logger.py [line:35] INFO 测试报告邮件发送成功
2020-01-08 17:17:35,465 logger.py [line:35] INFO ('发布一个测试动态', '谢光福')
2020-01-08 17:17:40,511 logger.py [line:35] INFO ('卡住了，不知道怎么回事，是不是网络波动', '谢光福')
2020-01-08 17:18:00,663 logger.py [line:41] ERROR 'NoneType' object has no attribute 'click'
2020-01-08 17:18:17,197 logger.py [line:41] ERROR 'NoneType' object has no attribute 'click'
2020-01-08 17:18:33,740 logger.py [line:41] ERROR 'NoneType' object has no attribute 'click'
